<?xml version="1.0" encoding="UTF-8"?>
<testng-results ignored="0" total="1" passed="1" failed="0" skipped="0">
  <reporter-output>
  </reporter-output>
  <suite started-at="2024-12-22T11:18:09 IST" name="Default suite" finished-at="2024-12-22T11:18:16 IST" duration-ms="7402">
    <groups>
    </groups>
    <test started-at="2024-12-22T11:18:09 IST" name="Default test" finished-at="2024-12-22T11:18:16 IST" duration-ms="7402">
      <class name="tests.login.LoginTests">
        <test-method is-config="true" signature="setUp()[pri:0, instance:tests.login.LoginTests@4c163e3]" started-at="2024-12-22T11:18:09 IST" name="setUp" finished-at="2024-12-22T11:18:15 IST" duration-ms="6146" status="PASS">
          <reporter-output>
          </reporter-output>
        </test-method> <!-- setUp -->
        <test-method signature="testLoginErrorMessage()[pri:0, instance:tests.login.LoginTests@4c163e3]" started-at="2024-12-22T11:18:15 IST" name="testLoginErrorMessage" finished-at="2024-12-22T11:18:16 IST" duration-ms="596" status="PASS">
          <reporter-output>
          </reporter-output>
        </test-method> <!-- testLoginErrorMessage -->
        <test-method is-config="true" signature="tearDown()[pri:0, instance:tests.login.LoginTests@4c163e3]" started-at="2024-12-22T11:18:16 IST" name="tearDown" finished-at="2024-12-22T11:18:16 IST" duration-ms="597" status="PASS">
          <reporter-output>
          </reporter-output>
        </test-method> <!-- tearDown -->
      </class> <!-- tests.login.LoginTests -->
    </test> <!-- Default test -->
  </suite> <!-- Default suite -->
</testng-results>
